Classic Timing Analyzer report for DedoNoQuartusEGritaria
Mon Oct 14 20:37:37 2019
Quartus II Version 9.1 Build 350 03/24/2010 Service Pack 2 SJ Web Edition


---------------------
; Table of Contents ;
---------------------
  1. Legal Notice
  2. Timing Analyzer Summary
  3. Timing Analyzer Settings
  4. Clock Settings Summary
  5. Parallel Compilation
  6. Clock Setup: 'clock'
  7. tco
  8. Timing Analyzer Messages



----------------
; Legal Notice ;
----------------
Copyright (C) 1991-2010 Altera Corporation
Your use of Altera Corporation's design tools, logic functions 
and other software and tools, and its AMPP partner logic 
functions, and any output files from any of the foregoing 
(including device programming or simulation files), and any 
associated documentation or information are expressly subject 
to the terms and conditions of the Altera Program License 
Subscription Agreement, Altera MegaCore Function License 
Agreement, or other applicable license agreement, including, 
without limitation, that your use is for the sole purpose of 
programming logic devices manufactured by Altera and sold by 
Altera or its authorized distributors.  Please refer to the 
applicable agreement for further details.



+------------------------------------------------------------------------------------------------------------------------------------------------------------------------------+
; Timing Analyzer Summary                                                                                                                                                      ;
+------------------------------+-------+---------------+------------------------------------------------+---------------+---------------+------------+----------+--------------+
; Type                         ; Slack ; Required Time ; Actual Time                                    ; From          ; To            ; From Clock ; To Clock ; Failed Paths ;
+------------------------------+-------+---------------+------------------------------------------------+---------------+---------------+------------+----------+--------------+
; Worst-case tco               ; N/A   ; None          ; 6.686 ns                                       ; mux_7[2]~reg0 ; mux_7[2]      ; clock      ; --       ; 0            ;
; Clock Setup: 'clock'         ; N/A   ; None          ; Restricted to 500.00 MHz ( period = 2.000 ns ) ; state.FETCH_2 ; pc_write~reg0 ; clock      ; clock    ; 0            ;
; Total number of failed paths ;       ;               ;                                                ;               ;               ;            ;          ; 0            ;
+------------------------------+-------+---------------+------------------------------------------------+---------------+---------------+------------+----------+--------------+


+-----------------------------------------------------------------------------------------------------------------------------------------------------+
; Timing Analyzer Settings                                                                                                                            ;
+------------------------------------------------------------------------------------------------------+--------------------+------+----+-------------+
; Option                                                                                               ; Setting            ; From ; To ; Entity Name ;
+------------------------------------------------------------------------------------------------------+--------------------+------+----+-------------+
; Device Name                                                                                          ; EP2S15F484C3       ;      ;    ;             ;
; Timing Models                                                                                        ; Final              ;      ;    ;             ;
; Default hold multicycle                                                                              ; Same as Multicycle ;      ;    ;             ;
; Cut paths between unrelated clock domains                                                            ; On                 ;      ;    ;             ;
; Cut off read during write signal paths                                                               ; On                 ;      ;    ;             ;
; Cut off feedback from I/O pins                                                                       ; On                 ;      ;    ;             ;
; Report Combined Fast/Slow Timing                                                                     ; Off                ;      ;    ;             ;
; Ignore Clock Settings                                                                                ; Off                ;      ;    ;             ;
; Analyze latches as synchronous elements                                                              ; On                 ;      ;    ;             ;
; Enable Recovery/Removal analysis                                                                     ; Off                ;      ;    ;             ;
; Enable Clock Latency                                                                                 ; Off                ;      ;    ;             ;
; Use TimeQuest Timing Analyzer                                                                        ; Off                ;      ;    ;             ;
; Number of source nodes to report per destination node                                                ; 10                 ;      ;    ;             ;
; Number of destination nodes to report                                                                ; 10                 ;      ;    ;             ;
; Number of paths to report                                                                            ; 200                ;      ;    ;             ;
; Report Minimum Timing Checks                                                                         ; Off                ;      ;    ;             ;
; Use Fast Timing Models                                                                               ; Off                ;      ;    ;             ;
; Report IO Paths Separately                                                                           ; Off                ;      ;    ;             ;
; Perform Multicorner Analysis                                                                         ; On                 ;      ;    ;             ;
; Reports the worst-case path for each clock domain and analysis                                       ; Off                ;      ;    ;             ;
; Reports worst-case timing paths for each clock domain and analysis                                   ; Off                ;      ;    ;             ;
; Specifies the maximum number of worst-case timing paths to report for each clock domain and analysis ; 100                ;      ;    ;             ;
; Removes common clock path pessimism (CCPP) during slack computation                                  ; Off                ;      ;    ;             ;
; Output I/O Timing Endpoint                                                                           ; Near End           ;      ;    ;             ;
+------------------------------------------------------------------------------------------------------+--------------------+------+----+-------------+


+------------------------------------------------------------------------------------------------------------------------------------------------------------------------------------+
; Clock Settings Summary                                                                                                                                                             ;
+-----------------+--------------------+----------+------------------+---------------+--------------+----------+-----------------------+---------------------+--------+--------------+
; Clock Node Name ; Clock Setting Name ; Type     ; Fmax Requirement ; Early Latency ; Late Latency ; Based on ; Multiply Base Fmax by ; Divide Base Fmax by ; Offset ; Phase offset ;
+-----------------+--------------------+----------+------------------+---------------+--------------+----------+-----------------------+---------------------+--------+--------------+
; clock           ;                    ; User Pin ; None             ; 0.000 ns      ; 0.000 ns     ; --       ; N/A                   ; N/A                 ; N/A    ;              ;
+-----------------+--------------------+----------+------------------+---------------+--------------+----------+-----------------------+---------------------+--------+--------------+


Parallel compilation was disabled, but you have multiple processors available. Enable parallel compilation to reduce compilation time.
+-------------------------------------+
; Parallel Compilation                ;
+----------------------------+--------+
; Processors                 ; Number ;
+----------------------------+--------+
; Number detected on machine ; 6      ;
; Maximum allowed            ; 1      ;
+----------------------------+--------+


+--------------------------------------------------------------------------------------------------------------------------------------------------------------------------------------------------------------+
; Clock Setup: 'clock'                                                                                                                                                                                         ;
+-------+------------------------------------------------+--------------------+--------------------+------------+----------+-----------------------------+---------------------------+-------------------------+
; Slack ; Actual fmax (period)                           ; From               ; To                 ; From Clock ; To Clock ; Required Setup Relationship ; Required Longest P2P Time ; Actual Longest P2P Time ;
+-------+------------------------------------------------+--------------------+--------------------+------------+----------+-----------------------------+---------------------------+-------------------------+
; N/A   ; Restricted to 500.00 MHz ( period = 2.000 ns ) ; state.FETCH_2      ; pc_write~reg0      ; clock      ; clock    ; None                        ; None                      ; 0.522 ns                ;
; N/A   ; Restricted to 500.00 MHz ( period = 2.000 ns ) ; state.FETCH_2      ; ir_write~reg0      ; clock      ; clock    ; None                        ; None                      ; 0.519 ns                ;
; N/A   ; Restricted to 500.00 MHz ( period = 2.000 ns ) ; next_state.FETCH_2 ; state.FETCH_2      ; clock      ; clock    ; None                        ; None                      ; 0.518 ns                ;
; N/A   ; Restricted to 500.00 MHz ( period = 2.000 ns ) ; next_state.000000  ; state.00000000     ; clock      ; clock    ; None                        ; None                      ; 0.512 ns                ;
; N/A   ; Restricted to 500.00 MHz ( period = 2.000 ns ) ; state.00000000     ; next_state.FETCH   ; clock      ; clock    ; None                        ; None                      ; 0.479 ns                ;
; N/A   ; Restricted to 500.00 MHz ( period = 2.000 ns ) ; state.00000000     ; ir_write~reg0      ; clock      ; clock    ; None                        ; None                      ; 0.478 ns                ;
; N/A   ; Restricted to 500.00 MHz ( period = 2.000 ns ) ; state.00000000     ; REG_WRITE~reg0     ; clock      ; clock    ; None                        ; None                      ; 0.476 ns                ;
; N/A   ; Restricted to 500.00 MHz ( period = 2.000 ns ) ; state.00000000     ; mux_7[2]~reg0      ; clock      ; clock    ; None                        ; None                      ; 0.474 ns                ;
; N/A   ; Restricted to 500.00 MHz ( period = 2.000 ns ) ; state.00000000     ; mux_7[0]~reg0      ; clock      ; clock    ; None                        ; None                      ; 0.469 ns                ;
; N/A   ; Restricted to 500.00 MHz ( period = 2.000 ns ) ; state.00000000     ; mux_7[1]~reg0      ; clock      ; clock    ; None                        ; None                      ; 0.468 ns                ;
; N/A   ; Restricted to 500.00 MHz ( period = 2.000 ns ) ; state.00000000     ; mux_6[2]~reg0      ; clock      ; clock    ; None                        ; None                      ; 0.464 ns                ;
; N/A   ; Restricted to 500.00 MHz ( period = 2.000 ns ) ; state.FETCH        ; mux_9[0]~reg0      ; clock      ; clock    ; None                        ; None                      ; 0.455 ns                ;
; N/A   ; Restricted to 500.00 MHz ( period = 2.000 ns ) ; state.FETCH        ; ALU_CONTROL~reg0   ; clock      ; clock    ; None                        ; None                      ; 0.455 ns                ;
; N/A   ; Restricted to 500.00 MHz ( period = 2.000 ns ) ; state.FETCH        ; next_state.FETCH_2 ; clock      ; clock    ; None                        ; None                      ; 0.451 ns                ;
; N/A   ; Restricted to 500.00 MHz ( period = 2.000 ns ) ; next_state.FETCH   ; state.FETCH        ; clock      ; clock    ; None                        ; None                      ; 0.409 ns                ;
+-------+------------------------------------------------+--------------------+--------------------+------------+----------+-----------------------------+---------------------------+-------------------------+


+---------------------------------------------------------------------------------+
; tco                                                                             ;
+-------+--------------+------------+------------------+-------------+------------+
; Slack ; Required tco ; Actual tco ; From             ; To          ; From Clock ;
+-------+--------------+------------+------------------+-------------+------------+
; N/A   ; None         ; 6.686 ns   ; mux_7[2]~reg0    ; mux_7[2]    ; clock      ;
; N/A   ; None         ; 5.793 ns   ; ir_write~reg0    ; ir_write    ; clock      ;
; N/A   ; None         ; 5.520 ns   ; mux_9[0]~reg0    ; mux_9[0]    ; clock      ;
; N/A   ; None         ; 5.431 ns   ; mux_7[1]~reg0    ; mux_7[1]    ; clock      ;
; N/A   ; None         ; 5.219 ns   ; REG_WRITE~reg0   ; REG_WRITE   ; clock      ;
; N/A   ; None         ; 5.219 ns   ; mux_6[2]~reg0    ; mux_6[2]    ; clock      ;
; N/A   ; None         ; 5.167 ns   ; ALU_CONTROL~reg0 ; ALU_CONTROL ; clock      ;
; N/A   ; None         ; 5.164 ns   ; pc_write~reg0    ; pc_write    ; clock      ;
; N/A   ; None         ; 5.131 ns   ; mux_7[0]~reg0    ; mux_7[0]    ; clock      ;
+-------+--------------+------------+------------------+-------------+------------+


+--------------------------+
; Timing Analyzer Messages ;
+--------------------------+
Info: *******************************************************************
Info: Running Quartus II Classic Timing Analyzer
    Info: Version 9.1 Build 350 03/24/2010 Service Pack 2 SJ Web Edition
    Info: Processing started: Mon Oct 14 20:37:37 2019
Info: Command: quartus_tan --read_settings_files=off --write_settings_files=off DedoNoQuartusEGritaria -c DedoNoQuartusEGritaria --timing_analysis_only
Warning: Found pins functioning as undefined clocks and/or memory enables
    Info: Assuming node "clock" is an undefined clock
Info: Clock "clock" Internal fmax is restricted to 500.0 MHz between source register "state.FETCH_2" and destination register "pc_write~reg0"
    Info: fmax restricted to clock pin edge rate 2.0 ns. Expand message to see actual delay path.
        Info: + Longest register to register delay is 0.522 ns
            Info: 1: + IC(0.000 ns) + CELL(0.000 ns) = 0.000 ns; Loc. = LCFF_X38_Y3_N7; Fanout = 2; REG Node = 'state.FETCH_2'
            Info: 2: + IC(0.213 ns) + CELL(0.309 ns) = 0.522 ns; Loc. = LCFF_X38_Y3_N3; Fanout = 1; REG Node = 'pc_write~reg0'
            Info: Total cell delay = 0.309 ns ( 59.20 % )
            Info: Total interconnect delay = 0.213 ns ( 40.80 % )
        Info: - Smallest clock skew is 0.000 ns
            Info: + Shortest clock path from clock "clock" to destination register is 2.497 ns
                Info: 1: + IC(0.000 ns) + CELL(0.854 ns) = 0.854 ns; Loc. = PIN_N20; Fanout = 1; CLK Node = 'clock'
                Info: 2: + IC(0.343 ns) + CELL(0.000 ns) = 1.197 ns; Loc. = CLKCTRL_G3; Fanout = 15; COMB Node = 'clock~clkctrl'
                Info: 3: + IC(0.682 ns) + CELL(0.618 ns) = 2.497 ns; Loc. = LCFF_X38_Y3_N3; Fanout = 1; REG Node = 'pc_write~reg0'
                Info: Total cell delay = 1.472 ns ( 58.95 % )
                Info: Total interconnect delay = 1.025 ns ( 41.05 % )
            Info: - Longest clock path from clock "clock" to source register is 2.497 ns
                Info: 1: + IC(0.000 ns) + CELL(0.854 ns) = 0.854 ns; Loc. = PIN_N20; Fanout = 1; CLK Node = 'clock'
                Info: 2: + IC(0.343 ns) + CELL(0.000 ns) = 1.197 ns; Loc. = CLKCTRL_G3; Fanout = 15; COMB Node = 'clock~clkctrl'
                Info: 3: + IC(0.682 ns) + CELL(0.618 ns) = 2.497 ns; Loc. = LCFF_X38_Y3_N7; Fanout = 2; REG Node = 'state.FETCH_2'
                Info: Total cell delay = 1.472 ns ( 58.95 % )
                Info: Total interconnect delay = 1.025 ns ( 41.05 % )
        Info: + Micro clock to output delay of source is 0.094 ns
        Info: + Micro setup delay of destination is 0.090 ns
Info: tco from clock "clock" to destination pin "mux_7[2]" through register "mux_7[2]~reg0" is 6.686 ns
    Info: + Longest clock path from clock "clock" to source register is 2.497 ns
        Info: 1: + IC(0.000 ns) + CELL(0.854 ns) = 0.854 ns; Loc. = PIN_N20; Fanout = 1; CLK Node = 'clock'
        Info: 2: + IC(0.343 ns) + CELL(0.000 ns) = 1.197 ns; Loc. = CLKCTRL_G3; Fanout = 15; COMB Node = 'clock~clkctrl'
        Info: 3: + IC(0.682 ns) + CELL(0.618 ns) = 2.497 ns; Loc. = LCFF_X38_Y3_N15; Fanout = 1; REG Node = 'mux_7[2]~reg0'
        Info: Total cell delay = 1.472 ns ( 58.95 % )
        Info: Total interconnect delay = 1.025 ns ( 41.05 % )
    Info: + Micro clock to output delay of source is 0.094 ns
    Info: + Longest register to pin delay is 4.095 ns
        Info: 1: + IC(0.000 ns) + CELL(0.000 ns) = 0.000 ns; Loc. = LCFF_X38_Y3_N15; Fanout = 1; REG Node = 'mux_7[2]~reg0'
        Info: 2: + IC(1.941 ns) + CELL(2.154 ns) = 4.095 ns; Loc. = PIN_V21; Fanout = 0; PIN Node = 'mux_7[2]'
        Info: Total cell delay = 2.154 ns ( 52.60 % )
        Info: Total interconnect delay = 1.941 ns ( 47.40 % )
Info: Quartus II Classic Timing Analyzer was successful. 0 errors, 1 warning
    Info: Peak virtual memory: 0 megabytes
    Info: Processing ended: Mon Oct 14 20:37:37 2019
    Info: Elapsed time: 00:00:00
    Info: Total CPU time (on all processors): 00:00:00


